Построение начато 30.05.2016 11:14:50.
     1>Проект "C:\Users\Faust611\Documents\Visual Studio 2010\Projects\Новая папка (2)\flappy12\winapi\winapi\winapi.vcxproj" в узле 2 (целевые объекты Build).
     1>ClCompile:
         C:\Program Files (x86)\Microsoft Visual Studio 11.0\VC\bin\CL.exe /c /ZI /nologo /W3 /WX- /Od /Oy- /D WIN32 /D _DEBUG /D _WINDOWS /D _UNICODE /D UNICODE /Gm /EHsc /RTC1 /MDd /GS /fp:precise /Zc:wchar_t /Zc:forScope /Fo"Debug\\" /Fd"Debug\vc110.pdb" /Gd /TP /analyze- /errorReport:prompt Model.cpp Source.cpp
         Source.cpp
     1>c:\users\faust611\documents\visual studio 2010\projects\новая папка (2)\flappy12\winapi\winapi\source.cpp(159): warning C4996: 'fopen': This function or variable may be unsafe. Consider using fopen_s instead. To disable deprecation, use _CRT_SECURE_NO_WARNINGS. See online help for details.
                 c:\program files (x86)\microsoft visual studio 11.0\vc\include\stdio.h(218): см. объявление "fopen"
     1>c:\users\faust611\documents\visual studio 2010\projects\новая папка (2)\flappy12\winapi\winapi\source.cpp(289): warning C4244: =: преобразование "double" в "int", возможна потеря данных
     1>c:\users\faust611\documents\visual studio 2010\projects\новая папка (2)\flappy12\winapi\winapi\source.cpp(290): warning C4244: =: преобразование "double" в "int", возможна потеря данных
     1>c:\users\faust611\documents\visual studio 2010\projects\новая папка (2)\flappy12\winapi\winapi\source.cpp(291): warning C4244: =: преобразование "double" в "int", возможна потеря данных
     1>c:\users\faust611\documents\visual studio 2010\projects\новая папка (2)\flappy12\winapi\winapi\source.cpp(296): warning C4244: =: преобразование "double" в "int", возможна потеря данных
     1>c:\users\faust611\documents\visual studio 2010\projects\новая папка (2)\flappy12\winapi\winapi\source.cpp(297): warning C4244: =: преобразование "double" в "int", возможна потеря данных
     1>c:\users\faust611\documents\visual studio 2010\projects\новая папка (2)\flappy12\winapi\winapi\source.cpp(348): warning C4244: аргумент: преобразование "double" в "int", возможна потеря данных
     1>c:\users\faust611\documents\visual studio 2010\projects\новая папка (2)\flappy12\winapi\winapi\source.cpp(349): warning C4244: аргумент: преобразование "double" в "int", возможна потеря данных
     1>c:\users\faust611\documents\visual studio 2010\projects\новая папка (2)\flappy12\winapi\winapi\source.cpp(352): warning C4244: аргумент: преобразование "double" в "int", возможна потеря данных
     1>c:\users\faust611\documents\visual studio 2010\projects\новая папка (2)\flappy12\winapi\winapi\source.cpp(354): warning C4244: аргумент: преобразование "double" в "int", возможна потеря данных
     1>c:\users\faust611\documents\visual studio 2010\projects\новая папка (2)\flappy12\winapi\winapi\source.cpp(355): warning C4244: аргумент: преобразование "double" в "int", возможна потеря данных
     1>c:\users\faust611\documents\visual studio 2010\projects\новая папка (2)\flappy12\winapi\winapi\source.cpp(362): warning C4244: аргумент: преобразование "double" в "int", возможна потеря данных
     1>c:\users\faust611\documents\visual studio 2010\projects\новая папка (2)\flappy12\winapi\winapi\source.cpp(368): warning C4244: аргумент: преобразование "double" в "int", возможна потеря данных
     1>c:\users\faust611\documents\visual studio 2010\projects\новая папка (2)\flappy12\winapi\winapi\source.cpp(258): warning C4101: pieY: неиспользованная локальная переменная
     1>c:\users\faust611\documents\visual studio 2010\projects\новая папка (2)\flappy12\winapi\winapi\source.cpp(258): warning C4101: alpha: неиспользованная локальная переменная
     1>c:\users\faust611\documents\visual studio 2010\projects\новая папка (2)\flappy12\winapi\winapi\source.cpp(256): warning C4101: dy: неиспользованная локальная переменная
     1>c:\users\faust611\documents\visual studio 2010\projects\новая папка (2)\flappy12\winapi\winapi\source.cpp(255): warning C4101: xPos: неиспользованная локальная переменная
     1>c:\users\faust611\documents\visual studio 2010\projects\новая папка (2)\flappy12\winapi\winapi\source.cpp(258): warning C4101: pieX: неиспользованная локальная переменная
     1>c:\users\faust611\documents\visual studio 2010\projects\новая папка (2)\flappy12\winapi\winapi\source.cpp(255): warning C4101: yPos: неиспользованная локальная переменная
     1>c:\users\faust611\documents\visual studio 2010\projects\новая папка (2)\flappy12\winapi\winapi\source.cpp(259): warning C4101: r: неиспользованная локальная переменная
     1>c:\users\faust611\documents\visual studio 2010\projects\новая папка (2)\flappy12\winapi\winapi\source.cpp(256): warning C4101: dx: неиспользованная локальная переменная
         Model.cpp
         Создание кода...
       Link:
         C:\Program Files (x86)\Microsoft Visual Studio 11.0\VC\bin\link.exe /ERRORREPORT:PROMPT /OUT:"C:\Users\Faust611\Documents\Visual Studio 2010\Projects\Новая папка (2)\flappy12\winapi\Debug\winapi.exe" /INCREMENTAL /NOLOGO kernel32.lib user32.lib gdi32.lib winspool.lib comdlg32.lib advapi32.lib shell32.lib ole32.lib oleaut32.lib uuid.lib odbc32.lib odbccp32.lib /MANIFEST /MANIFESTUAC:"level='asInvoker' uiAccess='false'" /manifest:embed /DEBUG /PDB:"C:\Users\Faust611\Documents\Visual Studio 2010\Projects\Новая папка (2)\flappy12\winapi\Debug\winapi.pdb" /SUBSYSTEM:WINDOWS /TLBID:1 /DYNAMICBASE /NXCOMPAT /IMPLIB:"C:\Users\Faust611\Documents\Visual Studio 2010\Projects\Новая папка (2)\flappy12\winapi\Debug\winapi.lib" /MACHINE:X86 Debug\Model.obj
         Debug\Source.obj
         winapi.vcxproj -> C:\Users\Faust611\Documents\Visual Studio 2010\Projects\Новая папка (2)\flappy12\winapi\Debug\winapi.exe
     1>Построение проекта "C:\Users\Faust611\Documents\Visual Studio 2010\Projects\Новая папка (2)\flappy12\winapi\winapi\winapi.vcxproj" завершено (целевые объекты Build).

Построение успешно завершено.

Затраченное время: 00:00:04.71
